

Started GET "/" for ::1 at 2015-04-14 18:15:35 -0400
  [1m[36mActiveRecord::SchemaMigration Load (0.4ms)[0m  [1mSELECT "schema_migrations".* FROM "schema_migrations"[0m
Processing by WelcomeController#index as HTML
  [1m[35mUser Load (0.4ms)[0m  SELECT  "users".* FROM "users" WHERE "users"."id" = $1 LIMIT 1  [["id", 3]]
  Rendered welcome/index.html.erb within layouts/application (0.9ms)
  [1m[36mCACHE (0.0ms)[0m  [1mSELECT  "users".* FROM "users" WHERE "users"."id" = $1 LIMIT 1[0m  [["id", 3]]
  [1m[35mCACHE (0.0ms)[0m  SELECT  "users".* FROM "users" WHERE "users"."id" = $1 LIMIT 1  [["id", 3]]
Completed 200 OK in 331ms (Views: 260.2ms | ActiveRecord: 4.7ms)


Started GET "/assets/application-f4e4a94694eac34ee76ff173c78e251d.css?body=1" for ::1 at 2015-04-14 18:15:36 -0400


Started GET "/assets/jquery-87424c3c19e96d4fb033c10ebe21ec40.js?body=1" for ::1 at 2015-04-14 18:15:36 -0400


Started GET "/assets/jquery_ujs-e27bd20a10d28155845a22d71ef94f2f.js?body=1" for ::1 at 2015-04-14 18:15:36 -0400


Started GET "/assets/answer-ff84f1ae2132f6ae0178b1e766bf7f24.js?body=1" for ::1 at 2015-04-14 18:15:36 -0400


Started GET "/assets/login-e48bffc4427e5aee6b0443ee5cfa4253.js?body=1" for ::1 at 2015-04-14 18:15:36 -0400


Started GET "/assets/comment-4a3260b3bc3c301cd1b059ca5e2ec1f2.js?body=1" for ::1 at 2015-04-14 18:15:36 -0400


Started GET "/assets/app-276fcb59e629114cc5b6392773a956e2.js?body=1" for ::1 at 2015-04-14 18:15:36 -0400


Started GET "/assets/question-9cc39715095d4e05fa3647ea00d586a5.js?body=1" for ::1 at 2015-04-14 18:15:36 -0400


Started GET "/assets/application-a7606ca2d39bd8cba842dfad33263387.js?body=1" for ::1 at 2015-04-14 18:15:36 -0400


Started GET "/logout" for ::1 at 2015-04-14 18:15:39 -0400
Processing by SessionsController#destroy as HTML
Redirected to http://localhost:3000/
Completed 302 Found in 1ms (ActiveRecord: 0.0ms)


Started GET "/" for ::1 at 2015-04-14 18:15:39 -0400
Processing by WelcomeController#index as HTML
  Rendered welcome/index.html.erb within layouts/application (0.1ms)
Completed 200 OK in 54ms (Views: 53.4ms | ActiveRecord: 0.0ms)


Started GET "/assets/application-f4e4a94694eac34ee76ff173c78e251d.css?body=1" for ::1 at 2015-04-14 18:15:39 -0400


Started GET "/assets/jquery-87424c3c19e96d4fb033c10ebe21ec40.js?body=1" for ::1 at 2015-04-14 18:15:39 -0400


Started GET "/assets/jquery_ujs-e27bd20a10d28155845a22d71ef94f2f.js?body=1" for ::1 at 2015-04-14 18:15:39 -0400


Started GET "/assets/app-276fcb59e629114cc5b6392773a956e2.js?body=1" for ::1 at 2015-04-14 18:15:39 -0400


Started GET "/assets/comment-4a3260b3bc3c301cd1b059ca5e2ec1f2.js?body=1" for ::1 at 2015-04-14 18:15:39 -0400


Started GET "/assets/answer-ff84f1ae2132f6ae0178b1e766bf7f24.js?body=1" for ::1 at 2015-04-14 18:15:39 -0400


Started GET "/assets/login-e48bffc4427e5aee6b0443ee5cfa4253.js?body=1" for ::1 at 2015-04-14 18:15:39 -0400


Started GET "/assets/question-9cc39715095d4e05fa3647ea00d586a5.js?body=1" for ::1 at 2015-04-14 18:15:39 -0400


Started GET "/assets/application-a7606ca2d39bd8cba842dfad33263387.js?body=1" for ::1 at 2015-04-14 18:15:39 -0400


Started GET "/login" for ::1 at 2015-04-14 18:15:41 -0400
Processing by SessionsController#new as */*
  Rendered sessions/new.html.erb (76.0ms)
Completed 200 OK in 87ms (Views: 85.9ms | ActiveRecord: 0.0ms)


Started GET "/assets/small_shaq.png" for ::1 at 2015-04-14 18:15:41 -0400


Started GET "/assets/shaq_laying_down.jpg" for ::1 at 2015-04-14 18:15:41 -0400


Started GET "/questions" for ::1 at 2015-04-14 18:15:43 -0400
Processing by QuestionsController#index as HTML
  [1m[36mQuestion Load (1.8ms)[0m  [1mSELECT "questions".* FROM "questions"  ORDER BY "questions"."created_at" DESC[0m
  [1m[35m (0.5ms)[0m  SELECT COUNT(*) FROM "votes" WHERE "votes"."votable_id" = $1 AND "votes"."votable_type" = $2  [["votable_id", 3], ["votable_type", "Question"]]
  [1m[36m (0.3ms)[0m  [1mSELECT COUNT(*) FROM "answers" WHERE "answers"."question_id" = $1[0m  [["question_id", 3]]
  [1m[35m (0.3ms)[0m  SELECT COUNT(*) FROM "votes" WHERE "votes"."votable_id" = $1 AND "votes"."votable_type" = $2  [["votable_id", 2], ["votable_type", "Question"]]
  [1m[36m (0.2ms)[0m  [1mSELECT COUNT(*) FROM "answers" WHERE "answers"."question_id" = $1[0m  [["question_id", 2]]
  [1m[35m (0.3ms)[0m  SELECT COUNT(*) FROM "votes" WHERE "votes"."votable_id" = $1 AND "votes"."votable_type" = $2  [["votable_id", 1], ["votable_type", "Question"]]
  [1m[36m (0.3ms)[0m  [1mSELECT COUNT(*) FROM "answers" WHERE "answers"."question_id" = $1[0m  [["question_id", 1]]
  Rendered questions/index.html.erb within layouts/application (49.7ms)
Completed 200 OK in 170ms (Views: 145.8ms | ActiveRecord: 9.3ms)


Started GET "/assets/jquery-87424c3c19e96d4fb033c10ebe21ec40.js?body=1" for ::1 at 2015-04-14 18:15:43 -0400


Started GET "/assets/answer-ff84f1ae2132f6ae0178b1e766bf7f24.js?body=1" for ::1 at 2015-04-14 18:15:43 -0400


Started GET "/assets/comment-4a3260b3bc3c301cd1b059ca5e2ec1f2.js?body=1" for ::1 at 2015-04-14 18:15:43 -0400


Started GET "/assets/jquery_ujs-e27bd20a10d28155845a22d71ef94f2f.js?body=1" for ::1 at 2015-04-14 18:15:43 -0400


Started GET "/assets/application-f4e4a94694eac34ee76ff173c78e251d.css?body=1" for ::1 at 2015-04-14 18:15:43 -0400


Started GET "/assets/app-276fcb59e629114cc5b6392773a956e2.js?body=1" for ::1 at 2015-04-14 18:15:43 -0400


Started GET "/assets/login-e48bffc4427e5aee6b0443ee5cfa4253.js?body=1" for ::1 at 2015-04-14 18:15:43 -0400


Started GET "/assets/question-9cc39715095d4e05fa3647ea00d586a5.js?body=1" for ::1 at 2015-04-14 18:15:43 -0400


Started GET "/assets/application-a7606ca2d39bd8cba842dfad33263387.js?body=1" for ::1 at 2015-04-14 18:15:43 -0400


Started GET "/users/new" for ::1 at 2015-04-14 18:15:45 -0400
Processing by UsersController#new as */*
  Rendered users/_form.html.erb (321.1ms)
  Rendered users/new.html.erb (330.7ms)
Completed 200 OK in 339ms (Views: 338.3ms | ActiveRecord: 0.0ms)


Started GET "/assets/small_shaq.png" for ::1 at 2015-04-14 18:15:45 -0400


Started GET "/assets/shaq_laying_down.jpg" for ::1 at 2015-04-14 18:15:45 -0400


Started POST "/users" for ::1 at 2015-04-14 18:15:50 -0400
Processing by UsersController#create as HTML
  Parameters: {"utf8"=>"✓", "authenticity_token"=>"MdfaMV8ItSgUFdBU0tCPtTwpZZuPuStOXbe01XmhsAzHXyq7cWA2wTHT2vx4UcO4yqhTTMxdfaR5ZmwdSvnIfg==", "user"=>{"username"=>"danko", "email"=>"d@d", "password"=>"[FILTERED]"}, "commit"=>"Create User"}
  [1m[35m (0.1ms)[0m  BEGIN
  [1m[36mUser Exists (0.3ms)[0m  [1mSELECT  1 AS one FROM "users" WHERE "users"."username" = 'danko' LIMIT 1[0m
  [1m[35mUser Exists (0.4ms)[0m  SELECT  1 AS one FROM "users" WHERE "users"."email" = 'd@d' LIMIT 1
  [1m[36m (0.1ms)[0m  [1mROLLBACK[0m
Redirected to http://localhost:3000/users/new
Completed 302 Found in 82ms (ActiveRecord: 0.9ms)


Started GET "/users/new" for ::1 at 2015-04-14 18:15:50 -0400
Processing by UsersController#new as HTML
  Rendered users/_form.html.erb (2.1ms)
  Rendered users/new.html.erb (3.2ms)
Completed 200 OK in 5ms (Views: 4.2ms | ActiveRecord: 0.0ms)


Started GET "/assets/small_shaq.png" for ::1 at 2015-04-14 18:15:50 -0400


Started GET "/assets/shaq_laying_down.jpg" for ::1 at 2015-04-14 18:15:50 -0400


Started GET "/users/new" for ::1 at 2015-04-14 18:15:53 -0400
Processing by UsersController#new as */*
  Rendered users/_form.html.erb (4.4ms)
  Rendered users/new.html.erb (10.3ms)
Completed 200 OK in 16ms (Views: 15.3ms | ActiveRecord: 0.0ms)


Started GET "/assets/small_shaq.png" for ::1 at 2015-04-14 18:15:53 -0400


Started GET "/assets/shaq_laying_down.jpg" for ::1 at 2015-04-14 18:15:53 -0400


Started POST "/users" for ::1 at 2015-04-14 18:15:56 -0400
Processing by UsersController#create as HTML
  Parameters: {"utf8"=>"✓", "authenticity_token"=>"73ARCT5KgrjNgGL/8KPEUNzcer1N+Pd/cvjTGRHSOiMZ+OGDECIBUehGaFdaIohdKl1Mag4coZVWKQvRIopCUQ==", "user"=>{"username"=>"d", "email"=>"d@d", "password"=>"[FILTERED]"}, "commit"=>"Create User"}
  [1m[35m (0.2ms)[0m  BEGIN
  [1m[36mUser Exists (0.3ms)[0m  [1mSELECT  1 AS one FROM "users" WHERE "users"."username" = 'd' LIMIT 1[0m
  [1m[35mUser Exists (0.3ms)[0m  SELECT  1 AS one FROM "users" WHERE "users"."email" = 'd@d' LIMIT 1
  [1m[36mSQL (0.4ms)[0m  [1mINSERT INTO "users" ("username", "email", "password_digest", "created_at", "updated_at") VALUES ($1, $2, $3, $4, $5) RETURNING "id"[0m  [["username", "d"], ["email", "d@d"], ["password_digest", "$2a$10$NA9wPIFcqb6JNSDJ/CM1cOZ0ThfZaEMF8OAKK6ueRsQQeaJvY8wuq"], ["created_at", "2015-04-14 22:15:56.616626"], ["updated_at", "2015-04-14 22:15:56.616626"]]
  [1m[35m (0.4ms)[0m  COMMIT
Redirected to http://localhost:3000/users/4
Completed 302 Found in 82ms (ActiveRecord: 1.6ms)


Started GET "/users/4" for ::1 at 2015-04-14 18:15:56 -0400
Processing by UsersController#show as HTML
  Parameters: {"id"=>"4"}
  [1m[36mUser Load (0.3ms)[0m  [1mSELECT  "users".* FROM "users" WHERE "users"."id" = $1 LIMIT 1[0m  [["id", 4]]
  [1m[35m (0.3ms)[0m  SELECT COUNT(*) FROM "questions" WHERE "questions"."user_id" = $1  [["user_id", 4]]
  Rendered users/show.html.erb within layouts/application (3.8ms)
  [1m[36mUser Load (0.4ms)[0m  [1mSELECT  "users".* FROM "users" WHERE "users"."id" = $1 LIMIT 1[0m  [["id", 4]]
  [1m[35mCACHE (0.0ms)[0m  SELECT  "users".* FROM "users" WHERE "users"."id" = $1 LIMIT 1  [["id", 4]]
Completed 200 OK in 93ms (Views: 90.6ms | ActiveRecord: 1.0ms)


Started GET "/assets/answer-ff84f1ae2132f6ae0178b1e766bf7f24.js?body=1" for ::1 at 2015-04-14 18:15:56 -0400


Started GET "/assets/application-f4e4a94694eac34ee76ff173c78e251d.css?body=1" for ::1 at 2015-04-14 18:15:56 -0400


Started GET "/assets/jquery-87424c3c19e96d4fb033c10ebe21ec40.js?body=1" for ::1 at 2015-04-14 18:15:56 -0400


Started GET "/assets/jquery_ujs-e27bd20a10d28155845a22d71ef94f2f.js?body=1" for ::1 at 2015-04-14 18:15:56 -0400


Started GET "/assets/comment-4a3260b3bc3c301cd1b059ca5e2ec1f2.js?body=1" for ::1 at 2015-04-14 18:15:56 -0400


Started GET "/assets/app-276fcb59e629114cc5b6392773a956e2.js?body=1" for ::1 at 2015-04-14 18:15:56 -0400


Started GET "/assets/login-e48bffc4427e5aee6b0443ee5cfa4253.js?body=1" for ::1 at 2015-04-14 18:15:56 -0400


Started GET "/assets/question-9cc39715095d4e05fa3647ea00d586a5.js?body=1" for ::1 at 2015-04-14 18:15:56 -0400


Started GET "/assets/application-a7606ca2d39bd8cba842dfad33263387.js?body=1" for ::1 at 2015-04-14 18:15:56 -0400


Started GET "/users/4" for ::1 at 2015-04-14 18:16:00 -0400
Processing by UsersController#show as HTML
  Parameters: {"id"=>"4"}
  [1m[36mUser Load (0.3ms)[0m  [1mSELECT  "users".* FROM "users" WHERE "users"."id" = $1 LIMIT 1[0m  [["id", 4]]
  [1m[35m (0.3ms)[0m  SELECT COUNT(*) FROM "questions" WHERE "questions"."user_id" = $1  [["user_id", 4]]
  Rendered users/show.html.erb within layouts/application (1.9ms)
  [1m[36mUser Load (1.4ms)[0m  [1mSELECT  "users".* FROM "users" WHERE "users"."id" = $1 LIMIT 1[0m  [["id", 4]]
  [1m[35mCACHE (0.0ms)[0m  SELECT  "users".* FROM "users" WHERE "users"."id" = $1 LIMIT 1  [["id", 4]]
Completed 200 OK in 136ms (Views: 132.6ms | ActiveRecord: 2.0ms)


Started GET "/assets/application-f4e4a94694eac34ee76ff173c78e251d.css?body=1" for ::1 at 2015-04-14 18:16:00 -0400


Started GET "/assets/comment-4a3260b3bc3c301cd1b059ca5e2ec1f2.js?body=1" for ::1 at 2015-04-14 18:16:00 -0400


Started GET "/assets/jquery-87424c3c19e96d4fb033c10ebe21ec40.js?body=1" for ::1 at 2015-04-14 18:16:00 -0400


Started GET "/assets/answer-ff84f1ae2132f6ae0178b1e766bf7f24.js?body=1" for ::1 at 2015-04-14 18:16:00 -0400


Started GET "/assets/jquery_ujs-e27bd20a10d28155845a22d71ef94f2f.js?body=1" for ::1 at 2015-04-14 18:16:00 -0400


Started GET "/assets/app-276fcb59e629114cc5b6392773a956e2.js?body=1" for ::1 at 2015-04-14 18:16:00 -0400


Started GET "/assets/login-e48bffc4427e5aee6b0443ee5cfa4253.js?body=1" for ::1 at 2015-04-14 18:16:00 -0400


Started GET "/assets/question-9cc39715095d4e05fa3647ea00d586a5.js?body=1" for ::1 at 2015-04-14 18:16:00 -0400


Started GET "/assets/application-a7606ca2d39bd8cba842dfad33263387.js?body=1" for ::1 at 2015-04-14 18:16:00 -0400


Started GET "/questions" for ::1 at 2015-04-14 18:16:01 -0400
Processing by QuestionsController#index as HTML
  [1m[36mQuestion Load (1.1ms)[0m  [1mSELECT "questions".* FROM "questions"  ORDER BY "questions"."created_at" DESC[0m
  [1m[35m (0.5ms)[0m  SELECT COUNT(*) FROM "votes" WHERE "votes"."votable_id" = $1 AND "votes"."votable_type" = $2  [["votable_id", 3], ["votable_type", "Question"]]
  [1m[36m (0.2ms)[0m  [1mSELECT COUNT(*) FROM "answers" WHERE "answers"."question_id" = $1[0m  [["question_id", 3]]
  [1m[35m (0.3ms)[0m  SELECT COUNT(*) FROM "votes" WHERE "votes"."votable_id" = $1 AND "votes"."votable_type" = $2  [["votable_id", 2], ["votable_type", "Question"]]
  [1m[36m (0.3ms)[0m  [1mSELECT COUNT(*) FROM "answers" WHERE "answers"."question_id" = $1[0m  [["question_id", 2]]
  [1m[35m (0.4ms)[0m  SELECT COUNT(*) FROM "votes" WHERE "votes"."votable_id" = $1 AND "votes"."votable_type" = $2  [["votable_id", 1], ["votable_type", "Question"]]
  [1m[36m (0.3ms)[0m  [1mSELECT COUNT(*) FROM "answers" WHERE "answers"."question_id" = $1[0m  [["question_id", 1]]
  Rendered questions/index.html.erb within layouts/application (13.2ms)
  [1m[35mUser Load (0.5ms)[0m  SELECT  "users".* FROM "users" WHERE "users"."id" = $1 LIMIT 1  [["id", 4]]
  [1m[36mCACHE (0.0ms)[0m  [1mSELECT  "users".* FROM "users" WHERE "users"."id" = $1 LIMIT 1[0m  [["id", 4]]
Completed 200 OK in 73ms (Views: 68.3ms | ActiveRecord: 3.5ms)


Started GET "/assets/application-f4e4a94694eac34ee76ff173c78e251d.css?body=1" for ::1 at 2015-04-14 18:16:01 -0400


Started GET "/assets/jquery-87424c3c19e96d4fb033c10ebe21ec40.js?body=1" for ::1 at 2015-04-14 18:16:01 -0400


Started GET "/assets/app-276fcb59e629114cc5b6392773a956e2.js?body=1" for ::1 at 2015-04-14 18:16:01 -0400


Started GET "/assets/jquery_ujs-e27bd20a10d28155845a22d71ef94f2f.js?body=1" for ::1 at 2015-04-14 18:16:01 -0400


Started GET "/assets/comment-4a3260b3bc3c301cd1b059ca5e2ec1f2.js?body=1" for ::1 at 2015-04-14 18:16:01 -0400


Started GET "/assets/answer-ff84f1ae2132f6ae0178b1e766bf7f24.js?body=1" for ::1 at 2015-04-14 18:16:01 -0400


Started GET "/assets/question-9cc39715095d4e05fa3647ea00d586a5.js?body=1" for ::1 at 2015-04-14 18:16:01 -0400


Started GET "/assets/login-e48bffc4427e5aee6b0443ee5cfa4253.js?body=1" for ::1 at 2015-04-14 18:16:01 -0400


Started GET "/assets/application-a7606ca2d39bd8cba842dfad33263387.js?body=1" for ::1 at 2015-04-14 18:16:01 -0400


Started GET "/questions/3" for ::1 at 2015-04-14 18:16:03 -0400
Processing by QuestionsController#show as HTML
  Parameters: {"id"=>"3"}
  [1m[35mQuestion Load (0.2ms)[0m  SELECT  "questions".* FROM "questions" WHERE "questions"."id" = $1 LIMIT 1  [["id", 3]]
  [1m[36mUser Load (0.2ms)[0m  [1mSELECT  "users".* FROM "users" WHERE "users"."id" = $1 LIMIT 1[0m  [["id", 4]]
  Rendered questions/_vote_up.html.erb (3.4ms)
  [1m[35m (0.4ms)[0m  SELECT COUNT(*) FROM "votes" WHERE "votes"."votable_id" = $1 AND "votes"."votable_type" = $2 AND "votes"."value" = $3  [["votable_id", 3], ["votable_type", "Question"], ["value", 1]]
  [1m[36m (0.4ms)[0m  [1mSELECT COUNT(*) FROM "votes" WHERE "votes"."votable_id" = $1 AND "votes"."votable_type" = $2 AND "votes"."value" = $3[0m  [["votable_id", 3], ["votable_type", "Question"], ["value", -1]]
  Rendered questions/_vote_down.html.erb (3.6ms)
  [1m[35mCACHE (0.0ms)[0m  SELECT COUNT(*) FROM "votes" WHERE "votes"."votable_id" = $1 AND "votes"."votable_type" = $2 AND "votes"."value" = $3  [["votable_id", 3], ["votable_type", "Question"], ["value", 1]]
  [1m[36mCACHE (0.0ms)[0m  [1mSELECT COUNT(*) FROM "votes" WHERE "votes"."votable_id" = $1 AND "votes"."votable_type" = $2 AND "votes"."value" = $3[0m  [["votable_id", 3], ["votable_type", "Question"], ["value", -1]]
  [1m[35mCACHE (0.0ms)[0m  SELECT  "users".* FROM "users" WHERE "users"."id" = $1 LIMIT 1  [["id", 4]]
  Rendered questions/_vote_up.html.erb (0.4ms)
  Rendered questions/_vote_down.html.erb (0.3ms)
  Rendered questions/_form.html.erb (6.4ms)
  [1m[36mComment Load (0.5ms)[0m  [1mSELECT "comments".* FROM "comments" WHERE "comments"."commentable_id" = $1 AND "comments"."commentable_type" = $2[0m  [["commentable_id", 3], ["commentable_type", "Question"]]
  [1m[35mAnswer Load (0.2ms)[0m  SELECT  "answers".* FROM "answers" WHERE "answers"."question_id" = $1 AND "answers"."accepted" = 't' LIMIT 1  [["question_id", 3]]
  [1m[36mAnswer Load (0.2ms)[0m  [1mSELECT "answers".* FROM "answers" WHERE "answers"."question_id" = $1[0m  [["question_id", 3]]
  [1m[35m (0.4ms)[0m  SELECT COUNT(*) FROM "votes" WHERE "votes"."votable_id" = $1 AND "votes"."votable_type" = $2 AND "votes"."value" = $3  [["votable_id", 3], ["votable_type", "Answer"], ["value", 1]]
  [1m[36m (0.3ms)[0m  [1mSELECT COUNT(*) FROM "votes" WHERE "votes"."votable_id" = $1 AND "votes"."votable_type" = $2 AND "votes"."value" = $3[0m  [["votable_id", 3], ["votable_type", "Answer"], ["value", -1]]
  Rendered answers/_vote_up.html.erb (0.5ms)
  Rendered answers/_vote_down.html.erb (0.4ms)
  [1m[35mCACHE (0.0ms)[0m  SELECT  "users".* FROM "users" WHERE "users"."id" = $1 LIMIT 1  [["id", 4]]
  Rendered answers/_form.html.erb (2.6ms)
  [1m[36mComment Load (0.3ms)[0m  [1mSELECT "comments".* FROM "comments" WHERE "comments"."commentable_id" = $1 AND "comments"."commentable_type" = $2[0m  [["commentable_id", 3], ["commentable_type", "Answer"]]
  Rendered questions/show.html.erb within layouts/application (48.1ms)
  [1m[35mCACHE (0.0ms)[0m  SELECT  "users".* FROM "users" WHERE "users"."id" = $1 LIMIT 1  [["id", 4]]
  [1m[36mCACHE (0.0ms)[0m  [1mSELECT  "users".* FROM "users" WHERE "users"."id" = $1 LIMIT 1[0m  [["id", 4]]
Completed 200 OK in 143ms (Views: 123.9ms | ActiveRecord: 5.3ms)


Started GET "/assets/application-f4e4a94694eac34ee76ff173c78e251d.css?body=1" for ::1 at 2015-04-14 18:16:04 -0400


Started GET "/assets/app-276fcb59e629114cc5b6392773a956e2.js?body=1" for ::1 at 2015-04-14 18:16:04 -0400


Started GET "/assets/comment-4a3260b3bc3c301cd1b059ca5e2ec1f2.js?body=1" for ::1 at 2015-04-14 18:16:04 -0400


Started GET "/assets/answer-ff84f1ae2132f6ae0178b1e766bf7f24.js?body=1" for ::1 at 2015-04-14 18:16:04 -0400


Started GET "/assets/jquery-87424c3c19e96d4fb033c10ebe21ec40.js?body=1" for ::1 at 2015-04-14 18:16:04 -0400


Started GET "/assets/jquery_ujs-e27bd20a10d28155845a22d71ef94f2f.js?body=1" for ::1 at 2015-04-14 18:16:04 -0400


Started GET "/assets/login-e48bffc4427e5aee6b0443ee5cfa4253.js?body=1" for ::1 at 2015-04-14 18:16:04 -0400


Started GET "/assets/question-9cc39715095d4e05fa3647ea00d586a5.js?body=1" for ::1 at 2015-04-14 18:16:04 -0400


Started GET "/assets/application-a7606ca2d39bd8cba842dfad33263387.js?body=1" for ::1 at 2015-04-14 18:16:04 -0400


Started GET "/assets/shaq_funny_face.jpg" for ::1 at 2015-04-14 18:16:04 -0400


Started GET "/assets/arrow.png" for ::1 at 2015-04-14 18:16:04 -0400


Started GET "/assets/thumbs-up-669ebc77b8ecb483ce8c4b1ded0b5c6c.jpg" for ::1 at 2015-04-14 18:16:04 -0400


Started GET "/assets/thumbs-down-0f76af6ef360ce8ab7538ce6a75f7845.png" for ::1 at 2015-04-14 18:16:04 -0400


Started POST "/questions/3/votes" for ::1 at 2015-04-14 18:16:07 -0400
Processing by VotesController#create as */*
  Parameters: {"url"=>"/questions/3/votes", "votableType"=>"Question", "questionId"=>"3", "direction"=>"up", "id"=>"3"}
  [1m[35mUser Load (0.2ms)[0m  SELECT  "users".* FROM "users" WHERE "users"."id" = $1 LIMIT 1  [["id", 4]]
  [1m[36m (0.1ms)[0m  [1mBEGIN[0m
  [1m[35mSQL (0.5ms)[0m  INSERT INTO "votes" ("votable_type", "user_id", "value", "votable_id", "created_at", "updated_at") VALUES ($1, $2, $3, $4, $5, $6) RETURNING "id"  [["votable_type", "Question"], ["user_id", 4], ["value", 1], ["votable_id", 3], ["created_at", "2015-04-14 22:16:07.462955"], ["updated_at", "2015-04-14 22:16:07.462955"]]
  [1m[36m (1.0ms)[0m  [1mCOMMIT[0m
  [1m[35mQuestion Load (0.3ms)[0m  SELECT  "questions".* FROM "questions" WHERE "questions"."id" = $1 LIMIT 1  [["id", 3]]
  [1m[36m (0.4ms)[0m  [1mSELECT COUNT(*) FROM "votes" WHERE "votes"."votable_id" = $1 AND "votes"."votable_type" = $2 AND "votes"."value" = $3[0m  [["votable_id", 3], ["votable_type", "Question"], ["value", 1]]
  [1m[35m (0.5ms)[0m  SELECT COUNT(*) FROM "votes" WHERE "votes"."votable_id" = $1 AND "votes"."votable_type" = $2 AND "votes"."value" = $3  [["votable_id", 3], ["votable_type", "Question"], ["value", -1]]
Completed 200 OK in 14ms (Views: 0.2ms | ActiveRecord: 3.6ms)


Started POST "/questions/3/votes" for ::1 at 2015-04-14 18:16:09 -0400
Processing by VotesController#create as */*
  Parameters: {"url"=>"/questions/3/votes", "votableType"=>"Question", "questionId"=>"3", "direction"=>"down", "id"=>"3"}
  [1m[36mUser Load (0.3ms)[0m  [1mSELECT  "users".* FROM "users" WHERE "users"."id" = $1 LIMIT 1[0m  [["id", 4]]
  [1m[35m (0.2ms)[0m  BEGIN
  [1m[36mSQL (0.3ms)[0m  [1mINSERT INTO "votes" ("votable_type", "user_id", "value", "votable_id", "created_at", "updated_at") VALUES ($1, $2, $3, $4, $5, $6) RETURNING "id"[0m  [["votable_type", "Question"], ["user_id", 4], ["value", -1], ["votable_id", 3], ["created_at", "2015-04-14 22:16:09.574468"], ["updated_at", "2015-04-14 22:16:09.574468"]]
  [1m[35m (1.1ms)[0m  COMMIT
  [1m[36mQuestion Load (0.6ms)[0m  [1mSELECT  "questions".* FROM "questions" WHERE "questions"."id" = $1 LIMIT 1[0m  [["id", 3]]
  [1m[35m (0.3ms)[0m  SELECT COUNT(*) FROM "votes" WHERE "votes"."votable_id" = $1 AND "votes"."votable_type" = $2 AND "votes"."value" = $3  [["votable_id", 3], ["votable_type", "Question"], ["value", 1]]
  [1m[36m (0.4ms)[0m  [1mSELECT COUNT(*) FROM "votes" WHERE "votes"."votable_id" = $1 AND "votes"."votable_type" = $2 AND "votes"."value" = $3[0m  [["votable_id", 3], ["votable_type", "Question"], ["value", -1]]
Completed 200 OK in 12ms (Views: 0.1ms | ActiveRecord: 3.2ms)
